Running 12 experiment(s) from experiments/configs/param-search-large.yaml
Log: /Users/fangzhiyu/run/meomory/experiments/logs/param-search-large-20260316-225953.log

============================================================
  Experiment: param-alpha-0.9-locomo-full
============================================================
  Dataset(LoCoMo-full-all: 272 fragments, 1976 questions)
  Loading cached embeddings from LoCoMo-full-all_embed.json
  Round  1: P@1=1.3% P@3=1.9% P@5=2.8%  (upd:1976 acc:100% err:0 25.6s)
  Round  2: P@1=1.3% P@3=1.9% P@5=2.8%  (upd:1976 acc:100% err:0 25.7s)
  Round  3: P@1=1.3% P@3=1.9% P@5=2.8%  (upd:1976 acc:100% err:0 25.7s)
  Saved: /Users/fangzhiyu/run/meomory/experiments/results/param-alpha-0.9-locomo-full.json

============================================================
  Experiment: param-alpha-0.95-locomo-full
============================================================
  Dataset(LoCoMo-full-all: 272 fragments, 1976 questions)
  Loading cached embeddings from LoCoMo-full-all_embed.json
  Round  1: P@1=1.1% P@3=1.9% P@5=2.7%  (upd:1976 acc:100% err:0 25.8s)
  Round  2: P@1=1.1% P@3=1.9% P@5=2.7%  (upd:1976 acc:100% err:0 25.8s)
  Round  3: P@1=1.1% P@3=1.9% P@5=2.7%  (upd:1976 acc:100% err:0 25.9s)
  Saved: /Users/fangzhiyu/run/meomory/experiments/results/param-alpha-0.95-locomo-full.json

============================================================
  Experiment: param-alpha-0.99-locomo-full
============================================================
  Dataset(LoCoMo-full-all: 272 fragments, 1976 questions)
  Loading cached embeddings from LoCoMo-full-all_embed.json
  Round  1: P@1=1.1% P@3=1.6% P@5=2.6%  (upd:1976 acc:100% err:0 25.8s)
  Round  2: P@1=1.1% P@3=1.6% P@5=2.6%  (upd:1976 acc:100% err:0 25.8s)
  Round  3: P@1=1.1% P@3=1.6% P@5=2.6%  (upd:1976 acc:100% err:0 25.9s)
  Saved: /Users/fangzhiyu/run/meomory/experiments/results/param-alpha-0.99-locomo-full.json

============================================================
  Experiment: param-alpha-1.0-locomo-full
============================================================
  Dataset(LoCoMo-full-all: 272 fragments, 1976 questions)
  Loading cached embeddings from LoCoMo-full-all_embed.json
  Round  1: P@1=24.7% P@3=35.7% P@5=41.9%  (upd:1976 acc:100% err:0 25.9s)
  Round  2: P@1=26.2% P@3=36.8% P@5=43.9%  (upd:1976 acc:100% err:0 25.9s)
  Round  3: P@1=26.6% P@3=38.3% P@5=46.8%  (upd:1976 acc:100% err:0 26.0s)
  Saved: /Users/fangzhiyu/run/meomory/experiments/results/param-alpha-1.0-locomo-full.json

============================================================
  Experiment: param-dim-64-locomo-full
============================================================
  Dataset(LoCoMo-full-all: 272 fragments, 1976 questions)
  Loading cached embeddings from LoCoMo-full-all_embed.json
  Round  1: P@1=19.8% P@3=30.0% P@5=35.2%  (upd:1976 acc:100% err:0 3.5s)
  Round  2: P@1=19.5% P@3=30.3% P@5=36.1%  (upd:1976 acc:100% err:0 3.5s)
  Round  3: P@1=18.7% P@3=30.4% P@5=37.0%  (upd:1976 acc:100% err:0 3.5s)
  Saved: /Users/fangzhiyu/run/meomory/experiments/results/param-dim-64-locomo-full.json

============================================================
  Experiment: param-dim-128-locomo-full
============================================================
  Dataset(LoCoMo-full-all: 272 fragments, 1976 questions)
  Loading cached embeddings from LoCoMo-full-all_embed.json
  Round  1: P@1=23.6% P@3=34.4% P@5=40.0%  (upd:1976 acc:100% err:0 8.8s)
  Round  2: P@1=24.5% P@3=36.2% P@5=41.8%  (upd:1976 acc:100% err:0 8.7s)
  Round  3: P@1=24.7% P@3=37.2% P@5=43.4%  (upd:1976 acc:100% err:0 8.8s)
  Saved: /Users/fangzhiyu/run/meomory/experiments/results/param-dim-128-locomo-full.json

============================================================
  Experiment: param-dim-256-locomo-full
============================================================
  Dataset(LoCoMo-full-all: 272 fragments, 1976 questions)
  Loading cached embeddings from LoCoMo-full-all_embed.json
  Round  1: P@1=24.7% P@3=35.7% P@5=41.9%  (upd:1976 acc:100% err:0 25.9s)
  Round  2: P@1=26.2% P@3=36.8% P@5=43.9%  (upd:1976 acc:100% err:0 25.9s)
  Round  3: P@1=26.6% P@3=38.3% P@5=46.8%  (upd:1976 acc:100% err:0 25.9s)
  Saved: /Users/fangzhiyu/run/meomory/experiments/results/param-dim-256-locomo-full.json

============================================================
  Experiment: param-dim-512-locomo-full
============================================================
  Dataset(LoCoMo-full-all: 272 fragments, 1976 questions)
  Loading cached embeddings from LoCoMo-full-all_embed.json
  Round  1: P@1=26.5% P@3=37.2% P@5=43.4%  (upd:1976 acc:100% err:0 90.2s)
  Round  2: P@1=27.5% P@3=38.5% P@5=46.1%  (upd:1976 acc:100% err:0 90.3s)
  Round  3: P@1=28.3% P@3=40.5% P@5=49.3%  (upd:1976 acc:100% err:0 90.4s)
  Saved: /Users/fangzhiyu/run/meomory/experiments/results/param-dim-512-locomo-full.json

============================================================
  Experiment: param-eta-0.005-locomo-full
============================================================
  Dataset(LoCoMo-full-all: 272 fragments, 1976 questions)
  Loading cached embeddings from LoCoMo-full-all_embed.json
  Round  1: P@1=23.8% P@3=34.9% P@5=41.0%  (upd:1976 acc:100% err:0 25.9s)
  Round  2: P@1=24.9% P@3=35.9% P@5=42.0%  (upd:1976 acc:100% err:0 25.9s)
  Round  3: P@1=25.8% P@3=36.2% P@5=42.9%  (upd:1976 acc:100% err:0 26.0s)
  Saved: /Users/fangzhiyu/run/meomory/experiments/results/param-eta-0.005-locomo-full.json

============================================================
  Experiment: param-eta-0.01-locomo-full
============================================================
  Dataset(LoCoMo-full-all: 272 fragments, 1976 questions)
  Loading cached embeddings from LoCoMo-full-all_embed.json
  Round  1: P@1=24.7% P@3=35.7% P@5=41.9%  (upd:1976 acc:100% err:0 25.9s)
  Round  2: P@1=26.2% P@3=36.8% P@5=43.9%  (upd:1976 acc:100% err:0 25.9s)
  Round  3: P@1=26.6% P@3=38.3% P@5=46.8%  (upd:1976 acc:100% err:0 25.9s)
  Saved: /Users/fangzhiyu/run/meomory/experiments/results/param-eta-0.01-locomo-full.json

============================================================
  Experiment: param-eta-0.02-locomo-full
============================================================
  Dataset(LoCoMo-full-all: 272 fragments, 1976 questions)
  Loading cached embeddings from LoCoMo-full-all_embed.json
  Round  1: P@1=25.5% P@3=37.3% P@5=43.6%  (upd:1976 acc:100% err:0 25.9s)
  Round  2: P@1=26.9% P@3=40.4% P@5=49.4%  (upd:1976 acc:100% err:0 26.0s)
  Round  3: P@1=29.2% P@3=44.0% P@5=53.7%  (upd:1976 acc:100% err:0 26.0s)
  Saved: /Users/fangzhiyu/run/meomory/experiments/results/param-eta-0.02-locomo-full.json

============================================================
  Experiment: param-eta-0.05-locomo-full
============================================================
  Dataset(LoCoMo-full-all: 272 fragments, 1976 questions)
  Loading cached embeddings from LoCoMo-full-all_embed.json
  Round  1: P@1=26.9% P@3=41.4% P@5=50.1%  (upd:1976 acc:100% err:0 25.9s)
  Round  2: P@1=31.0% P@3=48.2% P@5=55.6%  (upd:1976 acc:100% err:0 25.9s)
  Round  3: P@1=34.4% P@3=50.8% P@5=59.1%  (upd:1976 acc:100% err:0 25.9s)
  Saved: /Users/fangzhiyu/run/meomory/experiments/results/param-eta-0.05-locomo-full.json

============================================================
  Summary
============================================================
  Name                                P@1      P@3      P@5
  ------------------------------------------------------
  param-alpha-0.9-locomo-full       1.3%    1.9%    2.8%
  param-alpha-0.95-locomo-full      1.1%    1.9%    2.7%
  param-alpha-0.99-locomo-full      1.1%    1.6%    2.6%
  param-alpha-1.0-locomo-full      26.6%   38.3%   46.8%
  param-dim-64-locomo-full         18.7%   30.4%   37.0%
  param-dim-128-locomo-full        24.7%   37.2%   43.4%
  param-dim-256-locomo-full        26.6%   38.3%   46.8%
  param-dim-512-locomo-full        28.3%   40.5%   49.3%
  param-eta-0.005-locomo-full      25.8%   36.2%   42.9%
  param-eta-0.01-locomo-full       26.6%   38.3%   46.8%
  param-eta-0.02-locomo-full       29.2%   44.0%   53.7%
  param-eta-0.05-locomo-full       34.4%   50.8%   59.1%
